15:51:42,642 (AWT-EventQueue-0) INFO  [uniandes.isis2304.parranderos.negocio.AFOROCCANDES] - Mostrando informacion de los visitantes en el establecimiento entre las fechas
15:51:43,473 (AWT-EventQueue-0) ERROR [uniandes.isis2304.parranderos.persistencia.PersistenciaAforo] - Exception : Error con la ejecucion de Query de SQL "SELECT  VISITANTE.CEDULA, VISITANTE.NOMBRE, VISITANTE.TELEFONO, VISITANTE.NOMBRE_CONTACTO, VISITANTE.TELEFONO_CONTACTO, VISITANTE.CORREO FROM(SELECT DISTINCT(IDCARNET) FROM VISITANTE WHERE FECHAYHORA_OP BETWEEN ? AND ? AND TIPO_OP='Entrada' AND IDESPACIO=?) INNER JOIN CARNET ON CARNET.ID_CARNET=IDCARNET INNER JOIN VISITANTE ON VISITANTE.CEDULA=CARNET.CEDULA".
ORA-00904: "TIPO_OP": identificador no válido

15:51:43,519 (AWT-EventQueue-0) INFO  [uniandes.isis2304.parranderos.negocio.AFOROCCANDES] - Mostando informacion: Listo!
15:52:45,882 (AWT-EventQueue-0) INFO  [uniandes.isis2304.parranderos.negocio.AFOROCCANDES] - Mostrando los espacios del centro comercial con aforo disponible
15:52:46,690 (AWT-EventQueue-0) INFO  [uniandes.isis2304.parranderos.negocio.AFOROCCANDES] - Mostando espacios: Listo!
15:53:12,853 (AWT-EventQueue-0) INFO  [uniandes.isis2304.parranderos.negocio.AFOROCCANDES] - Mostrando informacion de las visitas por visitante
15:53:13,489 (AWT-EventQueue-0) INFO  [uniandes.isis2304.parranderos.negocio.AFOROCCANDES] - Mostando informacion: Listo!
15:53:39,484 (AWT-EventQueue-0) INFO  [uniandes.isis2304.parranderos.negocio.AFOROCCANDES] - Mostrando informacion de los visitantes en el establecimiento entre las fechas
15:53:39,547 (AWT-EventQueue-0) ERROR [uniandes.isis2304.parranderos.persistencia.PersistenciaAforo] - Exception : Error con la ejecucion de Query de SQL "SELECT  VISITANTE.CEDULA, VISITANTE.NOMBRE, VISITANTE.TELEFONO, VISITANTE.NOMBRE_CONTACTO, VISITANTE.TELEFONO_CONTACTO, VISITANTE.CORREO FROM(SELECT DISTINCT(IDCARNET) FROM VISITANTE WHERE FECHAYHORA_OP BETWEEN ? AND ? AND TIPO_OP='Entrada' AND IDESPACIO=?) INNER JOIN CARNET ON CARNET.ID_CARNET=IDCARNET INNER JOIN VISITANTE ON VISITANTE.CEDULA=CARNET.CEDULA".
ORA-00904: "TIPO_OP": identificador no válido

15:53:39,614 (AWT-EventQueue-0) INFO  [uniandes.isis2304.parranderos.negocio.AFOROCCANDES] - Mostando informacion: Listo!
15:54:46,718 (main) INFO  [uniandes.isis2304.parranderos.interfazApp.InterfazAforoApp] - Se encontró un archivo de configuración válido: Interfaz
15:54:46,718 (main) INFO  [uniandes.isis2304.parranderos.interfazApp.InterfazAforoApp] - Se aplica configuración indicada en el archivo de configuración
15:54:46,731 (main) INFO  [uniandes.isis2304.parranderos.interfazApp.InterfazAforoApp] - Se encontró un archivo de configuración válido: Tablas BD
15:54:55,028 (AWT-EventQueue-0) INFO  [uniandes.isis2304.parranderos.negocio.AFOROCCANDES] - Mostrando informacion de los visitantes en el establecimiento entre las fechas
15:54:56,531 (AWT-EventQueue-0) ERROR [uniandes.isis2304.parranderos.persistencia.PersistenciaAforo] - Exception : Error con la ejecucion de Query de SQL "SELECT  VISITANTE.CEDULA, VISITANTE.NOMBRE, VISITANTE.TELEFONO, VISITANTE.NOMBRE_CONTACTO, VISITANTE.TELEFONO_CONTACTO, VISITANTE.CORREO FROM(SELECT DISTINCT(IDCARNET) FROM VISITANTE WHERE FECHAYHORA_OP BETWEEN ? AND ? AND IDESPACIO=?) INNER JOIN CARNET ON CARNET.ID_CARNET=IDCARNET INNER JOIN VISITANTE ON VISITANTE.CEDULA=CARNET.CEDULA".
ORA-00904: "FECHAYHORA_OP": identificador no válido

15:54:56,638 (AWT-EventQueue-0) INFO  [uniandes.isis2304.parranderos.negocio.AFOROCCANDES] - Mostando informacion: Listo!
15:59:12,904 (main) INFO  [uniandes.isis2304.parranderos.interfazApp.InterfazAforoApp] - Se encontró un archivo de configuración válido: Interfaz
15:59:12,905 (main) INFO  [uniandes.isis2304.parranderos.interfazApp.InterfazAforoApp] - Se aplica configuración indicada en el archivo de configuración
15:59:12,929 (main) INFO  [uniandes.isis2304.parranderos.interfazApp.InterfazAforoApp] - Se encontró un archivo de configuración válido: Tablas BD
15:59:28,283 (AWT-EventQueue-0) INFO  [uniandes.isis2304.parranderos.negocio.AFOROCCANDES] - Mostrando informacion de los visitantes en el establecimiento entre las fechas
15:59:29,365 (AWT-EventQueue-0) INFO  [uniandes.isis2304.parranderos.negocio.AFOROCCANDES] - Mostando informacion: Listo!
16:02:21,668 (main) INFO  [uniandes.isis2304.parranderos.interfazApp.InterfazAforoApp] - Se encontró un archivo de configuración válido: Interfaz
16:02:21,668 (main) INFO  [uniandes.isis2304.parranderos.interfazApp.InterfazAforoApp] - Se aplica configuración indicada en el archivo de configuración
16:02:21,681 (main) INFO  [uniandes.isis2304.parranderos.interfazApp.InterfazAforoApp] - Se encontró un archivo de configuración válido: Tablas BD
16:03:51,393 (AWT-EventQueue-0) INFO  [uniandes.isis2304.parranderos.negocio.AFOROCCANDES] - Mostrando informacion de los visitantes en el establecimiento entre las fechas
16:03:52,509 (AWT-EventQueue-0) ERROR [uniandes.isis2304.parranderos.persistencia.PersistenciaAforo] - Exception : Error con la ejecucion de Query de SQL "SELECT  VISITANTE.CEDULA, VISITANTE.NOMBRE, VISITANTE.TELEFONO, VISITANTE.NOMBRE_CONTACTO, VISITANTE.TELEFONO_CONTACTO, VISITANTE.CORREO FROM(SELECT DISTINCT(IDCARNET) FROM VISITA WHERE FECHAYHORA_OP BETWEEN ? AND ? AND TIPO_OP='Entrada' AND IDESPACIO=?) INNER JOIN CARNET ON CARNET.ID_CARNET=IDCARNET INNER JOIN VISITANTE ON VISITANTE.CEDULA=CARNET.CEDULAORDER BY CEDULA ASC".
ORA-00933: comando SQL no terminado correctamente

16:03:52,627 (AWT-EventQueue-0) INFO  [uniandes.isis2304.parranderos.negocio.AFOROCCANDES] - Mostando informacion: Listo!
16:04:22,901 (main) INFO  [uniandes.isis2304.parranderos.interfazApp.InterfazAforoApp] - Se encontró un archivo de configuración válido: Interfaz
16:04:22,901 (main) INFO  [uniandes.isis2304.parranderos.interfazApp.InterfazAforoApp] - Se aplica configuración indicada en el archivo de configuración
16:04:22,925 (main) INFO  [uniandes.isis2304.parranderos.interfazApp.InterfazAforoApp] - Se encontró un archivo de configuración válido: Tablas BD
16:04:31,379 (AWT-EventQueue-0) INFO  [uniandes.isis2304.parranderos.negocio.AFOROCCANDES] - Mostrando informacion de los visitantes en el establecimiento entre las fechas
16:04:32,388 (AWT-EventQueue-0) INFO  [uniandes.isis2304.parranderos.negocio.AFOROCCANDES] - Mostando informacion: Listo!
16:08:33,851 (main) INFO  [uniandes.isis2304.parranderos.interfazApp.InterfazAforoApp] - Se encontró un archivo de configuración válido: Interfaz
16:08:33,853 (main) INFO  [uniandes.isis2304.parranderos.interfazApp.InterfazAforoApp] - Se aplica configuración indicada en el archivo de configuración
16:08:33,882 (main) INFO  [uniandes.isis2304.parranderos.interfazApp.InterfazAforoApp] - Se encontró un archivo de configuración válido: Tablas BD
16:08:45,034 (AWT-EventQueue-0) INFO  [uniandes.isis2304.parranderos.negocio.AFOROCCANDES] - Mostrando informacion de los visitantes en el establecimiento entre las fechas
16:08:46,192 (AWT-EventQueue-0) INFO  [uniandes.isis2304.parranderos.negocio.AFOROCCANDES] - Mostando informacion: Listo!
16:10:21,731 (main) INFO  [uniandes.isis2304.parranderos.interfazApp.InterfazAforoApp] - Se encontró un archivo de configuración válido: Interfaz
16:10:21,731 (main) INFO  [uniandes.isis2304.parranderos.interfazApp.InterfazAforoApp] - Se aplica configuración indicada en el archivo de configuración
16:10:21,747 (main) INFO  [uniandes.isis2304.parranderos.interfazApp.InterfazAforoApp] - Se encontró un archivo de configuración válido: Tablas BD
16:10:56,354 (AWT-EventQueue-0) INFO  [uniandes.isis2304.parranderos.negocio.AFOROCCANDES] - Mostrando informacion de los visitantes en el establecimiento entre las fechas
16:10:57,649 (AWT-EventQueue-0) INFO  [uniandes.isis2304.parranderos.negocio.AFOROCCANDES] - Mostando informacion: Listo!
16:12:13,926 (AWT-EventQueue-0) INFO  [uniandes.isis2304.parranderos.negocio.AFOROCCANDES] - Mostrando informacion de los visitantes en el establecimiento entre las fechas
16:12:14,543 (AWT-EventQueue-0) INFO  [uniandes.isis2304.parranderos.negocio.AFOROCCANDES] - Mostando informacion: Listo!
16:12:48,365 (AWT-EventQueue-0) INFO  [uniandes.isis2304.parranderos.negocio.AFOROCCANDES] - Mostrando informacion de los visitantes en el establecimiento entre las fechas
16:12:48,946 (AWT-EventQueue-0) INFO  [uniandes.isis2304.parranderos.negocio.AFOROCCANDES] - Mostando informacion: Listo!
16:14:44,776 (main) INFO  [uniandes.isis2304.parranderos.interfazApp.InterfazAforoApp] - Se encontró un archivo de configuración válido: Interfaz
16:14:44,777 (main) INFO  [uniandes.isis2304.parranderos.interfazApp.InterfazAforoApp] - Se aplica configuración indicada en el archivo de configuración
16:14:44,793 (main) INFO  [uniandes.isis2304.parranderos.interfazApp.InterfazAforoApp] - Se encontró un archivo de configuración válido: Tablas BD
16:15:11,909 (AWT-EventQueue-0) INFO  [uniandes.isis2304.parranderos.negocio.AFOROCCANDES] - Mostrando informacion de los visitantes en el establecimiento entre las fechas
16:15:12,401 (AWT-EventQueue-0) INFO  [uniandes.isis2304.parranderos.negocio.AFOROCCANDES] - Mostando informacion: Listo!
17:18:23,088 (main) INFO  [uniandes.isis2304.parranderos.interfazApp.InterfazAforoApp] - Se encontró un archivo de configuración válido: Interfaz
17:18:23,089 (main) INFO  [uniandes.isis2304.parranderos.interfazApp.InterfazAforoApp] - Se aplica configuración indicada en el archivo de configuración
17:18:23,130 (main) INFO  [uniandes.isis2304.parranderos.interfazApp.InterfazAforoApp] - Se encontró un archivo de configuración válido: Tablas BD
17:18:53,060 (AWT-EventQueue-0) INFO  [uniandes.isis2304.parranderos.negocio.AFOROCCANDES] - Mostrando informacion de los visitantes en el establecimiento entre las fechas
17:18:54,450 (AWT-EventQueue-0) ERROR [uniandes.isis2304.parranderos.persistencia.PersistenciaAforo] - Exception : java.lang.Boolean cannot be cast to java.util.List

17:18:54,527 (AWT-EventQueue-0) INFO  [uniandes.isis2304.parranderos.negocio.AFOROCCANDES] - Mostando informacion: Listo!
18:24:30,020 (main) INFO  [uniandes.isis2304.parranderos.interfazApp.InterfazAforoApp] - Se encontró un archivo de configuración válido: Interfaz
18:24:30,021 (main) INFO  [uniandes.isis2304.parranderos.interfazApp.InterfazAforoApp] - Se aplica configuración indicada en el archivo de configuración
18:24:30,048 (main) INFO  [uniandes.isis2304.parranderos.interfazApp.InterfazAforoApp] - Se encontró un archivo de configuración válido: Tablas BD
18:25:08,265 (AWT-EventQueue-0) INFO  [uniandes.isis2304.parranderos.negocio.AFOROCCANDES] - Mostrando informacion de los visitantes en el establecimiento entre las fechas
18:25:10,072 (AWT-EventQueue-0) INFO  [uniandes.isis2304.parranderos.negocio.AFOROCCANDES] - Mostando informacion: Listo!
18:25:49,606 (AWT-EventQueue-0) INFO  [uniandes.isis2304.parranderos.negocio.AFOROCCANDES] - Mostrando informacion de los visitantes en el establecimiento entre las fechas
18:25:50,249 (AWT-EventQueue-0) INFO  [uniandes.isis2304.parranderos.negocio.AFOROCCANDES] - Mostando informacion: Listo!
18:26:28,232 (main) INFO  [uniandes.isis2304.parranderos.interfazApp.InterfazAforoApp] - Se encontró un archivo de configuración válido: Interfaz
18:26:28,233 (main) INFO  [uniandes.isis2304.parranderos.interfazApp.InterfazAforoApp] - Se aplica configuración indicada en el archivo de configuración
18:26:28,252 (main) INFO  [uniandes.isis2304.parranderos.interfazApp.InterfazAforoApp] - Se encontró un archivo de configuración válido: Tablas BD
18:26:38,589 (AWT-EventQueue-0) INFO  [uniandes.isis2304.parranderos.negocio.AFOROCCANDES] - Mostrando informacion de los visitantes en el establecimiento entre las fechas
18:26:39,744 (AWT-EventQueue-0) INFO  [uniandes.isis2304.parranderos.negocio.AFOROCCANDES] - Mostando informacion: Listo!
18:27:48,077 (AWT-EventQueue-0) INFO  [uniandes.isis2304.parranderos.negocio.AFOROCCANDES] - Mostrando informacion de los visitantes en el establecimiento entre las fechas
18:27:49,255 (AWT-EventQueue-0) INFO  [uniandes.isis2304.parranderos.negocio.AFOROCCANDES] - Mostando informacion: Listo!
18:28:01,351 (AWT-EventQueue-0) INFO  [uniandes.isis2304.parranderos.negocio.AFOROCCANDES] - Mostrando informacion de los visitantes en el establecimiento entre las fechas
18:28:02,424 (AWT-EventQueue-0) INFO  [uniandes.isis2304.parranderos.negocio.AFOROCCANDES] - Mostando informacion: Listo!
